<?xml version="1.0" encoding="utf-8"?><testsuites name="pytest tests"><testsuite name="pytest" errors="0" failures="0" skipped="0" tests="8" time="1.207" timestamp="2026-05-07T15:22:13.762734+00:00" hostname="agent-env-a89a62cc-b0ba-48b4-af4d-99a8e45eddbe"><testcase classname="backend.tests.test_admin_content.TestContent" name="test_get_content_ok" time="0.304" /><testcase classname="backend.tests.test_admin_content.TestAdminLogin" name="test_login_correct" time="0.086" /><testcase classname="backend.tests.test_admin_content.TestAdminLogin" name="test_login_wrong" time="0.073" /><testcase classname="backend.tests.test_admin_content.TestAdminLogin" name="test_login_missing_field" time="0.074" /><testcase classname="backend.tests.test_admin_content.TestAdminContentPut" name="test_put_without_header" time="0.074" /><testcase classname="backend.tests.test_admin_content.TestAdminContentPut" name="test_put_with_wrong_header" time="0.069" /><testcase classname="backend.tests.test_admin_content.TestAdminContentPut" name="test_put_with_correct_header_and_persistence" time="0.144" /><testcase classname="backend.tests.test_admin_content.TestAdminContentPut" name="test_put_update_overwrites" time="0.140" /></testsuite></testsuites>