<?xml version="1.0" encoding="utf-8"?><testsuites name="pytest tests"><testsuite name="pytest" errors="0" failures="0" skipped="0" tests="9" time="2.139" timestamp="2026-05-07T16:35:50.598632+00:00" hostname="agent-env-a89a62cc-b0ba-48b4-af4d-99a8e45eddbe"><testcase classname="backend.tests.test_upload_seo.TestUploadAuth" name="test_upload_no_password_returns_401" time="0.210" /><testcase classname="backend.tests.test_upload_seo.TestUploadAuth" name="test_upload_wrong_password_returns_401" time="0.145" /><testcase classname="backend.tests.test_upload_seo.TestUploadValidation" name="test_upload_text_returns_415" time="0.193" /><testcase classname="backend.tests.test_upload_seo.TestUploadSuccessAndServe" name="test_upload_jpeg_success" time="0.269" /><testcase classname="backend.tests.test_upload_seo.TestUploadSuccessAndServe" name="test_serve_uploaded_file" time="0.287" /><testcase classname="backend.tests.test_upload_seo.TestServePathTraversal" name="test_non_venku_path_returns_404" time="0.141" /><testcase classname="backend.tests.test_upload_seo.TestServePathTraversal" name="test_missing_venku_file_returns_404_or_502" time="0.506" /><testcase classname="backend.tests.test_upload_seo.TestSEOAssets" name="test_sitemap_xml" time="0.125" /><testcase classname="backend.tests.test_upload_seo.TestSEOAssets" name="test_robots_txt" time="0.193" /></testsuite></testsuites>