<?xml version="1.0" encoding="utf-8"?><testsuites name="pytest tests"><testsuite name="pytest" errors="0" failures="0" skipped="0" tests="10" time="3.131" timestamp="2026-08-12T12:29:09.432101+00:00" hostname="agent-env-03a2e77a-0a87-43d4-bacc-6600c123e522"><testcase classname="tests.test_edu_backend" name="test_login_ok" time="0.210" /><testcase classname="tests.test_edu_backend" name="test_login_wrong" time="0.061" /><testcase classname="tests.test_edu_backend" name="test_get_content" time="0.075" /><testcase classname="tests.test_edu_backend" name="test_put_edu_roundtrip" time="0.232" /><testcase classname="tests.test_edu_backend" name="test_put_edu_no_header" time="0.058" /><testcase classname="tests.test_edu_backend" name="test_upload_image_and_serve" time="1.410" /><testcase classname="tests.test_edu_backend" name="test_upload_image_wrong_type" time="0.057" /><testcase classname="tests.test_edu_backend" name="test_upload_pdf_and_serve" time="0.314" /><testcase classname="tests.test_edu_backend" name="test_upload_doc_bad_ext" time="0.058" /><testcase classname="tests.test_edu_backend" name="test_upload_doc_no_auth" time="0.064" /></testsuite></testsuites>